
> react-typescript-starter@0.1.0 test
> react-scripts test --coverage

FAIL src/tests/moviesList.test.tsx
  ● Test suite failed to run

    Your test suite must contain at least one test.

      at onResult (node_modules/react-scripts/node_modules/@jest/core/build/TestScheduler.js:175:18)
      at node_modules/react-scripts/node_modules/@jest/core/build/TestScheduler.js:316:17
      at node_modules/react-scripts/node_modules/emittery/index.js:260:13
          at Array.map (<anonymous>)
      at Emittery.emit (node_modules/react-scripts/node_modules/emittery/index.js:258:23)

PASS src/tests/slider.test.tsx
PASS src/tests/menubar.test.tsx
--------------------|---------|----------|---------|---------|-------------------
File                | % Stmts | % Branch | % Funcs | % Lines | Uncovered Line #s 
--------------------|---------|----------|---------|---------|-------------------
All files           |    7.46 |     4.87 |    8.26 |    7.65 |                   
 src                |    9.47 |     5.71 |   10.75 |    9.62 |                   
  AllMoviesList.tsx |       0 |        0 |       0 |       0 | 24-82             
  DragList.tsx      |       0 |        0 |       0 |       0 | 40-308            
  HungerGames.tsx   |       0 |      100 |       0 |       0 | 6                 
  ManageUser.tsx    |       0 |        0 |       0 |       0 | 22-80             
  MenuBar.tsx       |     100 |      100 |     100 |     100 |                   
  MovieMaster.tsx   |       0 |        0 |       0 |       0 | 36-249            
  Movies.tsx        |       0 |      100 |     100 |       0 | 33                
  NewMovieForm.tsx  |       0 |        0 |       0 |       0 | 12-80             
  ReviewBox.tsx     |       0 |      100 |       0 |       0 | 10-61             
  Scroller.tsx      |   65.21 |       40 |   77.77 |   65.21 | 44-47,52-55       
 src/pages          |       0 |        0 |       0 |       0 |                   
  App.tsx           |       0 |        0 |       0 |       0 | 17-157            
--------------------|---------|----------|---------|---------|-------------------

Test Suites: 1 failed, 2 passed, 3 total
Tests:       12 passed, 12 total
Snapshots:   0 total
Time:        4.608 s
Ran all test suites.
